2019-06-30T18:20:23.012Z [info] Listing a calendar
2019-06-30T18:20:23.075Z [info] Creating a calendar
2019-06-30T18:20:23.085Z [info] Reading a calendar
2019-06-30T18:20:23.095Z [info] Updating a calendar
2019-06-30T18:20:23.104Z [info] Removing a calendar
2019-06-30T18:20:23.106Z [info] Listing a customer
2019-06-30T18:20:23.114Z [info] Creating a customer
2019-06-30T18:20:23.119Z [info] Reading a team
2019-06-30T18:20:23.128Z [info] Updating a customer
2019-06-30T18:20:23.137Z [info] Removing a customer
2019-06-30T18:20:23.138Z [info] Listing a person
2019-06-30T18:20:23.167Z [info] Creating a person
2019-06-30T18:20:23.172Z [info] Reading a person
2019-06-30T18:20:23.179Z [info] Updating a person
2019-06-30T18:20:23.190Z [info] Removing a person
2019-06-30T18:20:23.193Z [info] Listing a project
2019-06-30T18:20:23.211Z [info] Creating a project
2019-06-30T18:20:23.217Z [info] Reading a project
2019-06-30T18:20:23.225Z [info] Creating a project
2019-06-30T18:20:23.235Z [info] Updating a project
2019-06-30T18:20:23.236Z [info] Listing a team
2019-06-30T18:20:23.256Z [info] Creating a team
2019-06-30T18:20:23.262Z [info] Reading a team
2019-06-30T18:20:23.268Z [info] Updating a team
2019-06-30T18:20:23.277Z [info] Removing a team
